#
# There is insufficient memory for the Java Runtime Environment to continue.
# Native memory allocation (mmap) failed to map 266338304 bytes. Error detail: G1 virtual space
# Possible reasons:
#   The system is out of physical RAM or swap space
#   This process is running with CompressedOops enabled, and the Java Heap may be blocking the growth of the native heap
# Possible solutions:
#   Reduce memory load on the system
#   Increase physical memory or swap space
#   Check if swap backing store is full
#   Decrease Java heap size (-Xmx/-Xms)
#   Decrease number of Java threads
#   Decrease Java thread stack sizes (-Xss)
#   Set larger code cache with -XX:ReservedCodeCacheSize=
#   JVM is running with Zero Based Compressed Oops mode in which the Java heap is
#     placed in the first 32GB address space. The Java Heap base address is the
#     maximum limit for the native heap growth. Please use -XX:HeapBaseMinAddress
#     to set the Java Heap base and to place the Java Heap above 32GB virtual address.
# This output file may be truncated or incomplete.
#
#  Out of Memory Error (os_windows.cpp:3898), pid=8160, tid=26876
#
# JRE version:  (21.0.6) (build )
# Java VM: OpenJDK 64-Bit Server VM (21.0.6+-13368085-b895.109, mixed mode, sharing, tiered, compressed oops, compressed class ptrs, g1 gc, windows-amd64)
# No core dump will be written. Minidumps are not enabled by default on client versions of Windows
#

---------------  S U M M A R Y ------------

Command Line: git4idea.http.GitAskPassApp Username for 'https://github.com': 

Host: Intel(R) Core(TM) i5-9400F CPU @ 2.90GHz, 6 cores, 15G,  Windows 11 , 64 bit Build 26100 (10.0.26100.6725)
Time: Wed Oct 22 18:37:30 2025  Windows 11 , 64 bit Build 26100 (10.0.26100.6725) elapsed time: 0.013226 seconds (0d 0h 0m 0s)

---------------  T H R E A D  ---------------

Current thread (0x00000168fabc33a0):  JavaThread "Unknown thread" [_thread_in_vm, id=26876, stack(0x00000037df900000,0x00000037dfa00000) (1024K)]

Stack: [0x00000037df900000,0x00000037dfa00000]
Native frames: (J=compiled Java code, j=interpreted, Vv=VM code, C=native code)
V  [jvm.dll+0x6d0639]
V  [jvm.dll+0x85eb03]
V  [jvm.dll+0x86105e]
V  [jvm.dll+0x861743]
V  [jvm.dll+0x27e6e6]
V  [jvm.dll+0x6ccfd5]
V  [jvm.dll+0x6c0a8a]
V  [jvm.dll+0x35537b]
V  [jvm.dll+0x35cfd6]
V  [jvm.dll+0x3aef86]
V  [jvm.dll+0x3af258]
V  [jvm.dll+0x327a2c]
V  [jvm.dll+0x32871b]
V  [jvm.dll+0x826549]
V  [jvm.dll+0x3bc158]
V  [jvm.dll+0x80f7f8]
V  [jvm.dll+0x45035e]
V  [jvm.dll+0x451ac1]
C  [jli.dll+0x52ab]
C  [ucrtbase.dll+0x37b0]
C  [KERNEL32.DLL+0x2e8d7]
C  [ntdll.dll+0x8c53c]


---------------  P R O C E S S  ---------------

Threads class SMR info:
_java_thread_list=0x00007ffccb421848, length=0, elements={
}

Java Threads: ( => current thread )
Total: 0

Other Threads:
  0x00000168fcf7ecd0 WorkerThread "GC Thread#0"                     [id=23568, stack(0x00000037dfa00000,0x00000037dfb00000) (1024K)]
  0x00000168fcf8fbd0 ConcurrentGCThread "G1 Main Marker"            [id=28036, stack(0x00000037dfb00000,0x00000037dfc00000) (1024K)]
  0x00000168fcf92260 WorkerThread "G1 Conc#0"                       [id=17348, stack(0x00000037dfc00000,0x00000037dfd00000) (1024K)]

[error occurred during error reporting (printing all threads), id 0xc0000005, EXCEPTION_ACCESS_VIOLATION (0xc0000005) at pc=0x00007ffccac1aa87]
VM state: not at safepoint (not fully initialized)

VM Mutex/Monitor currently owned by a thread:  ([mutex/lock_event])
[0x00007ffccb48e4a0] Heap_lock - owner thread: 0x00000168fabc33a0

Heap address: 0x0000000702400000, size: 4060 MB, Compressed Oops mode: Zero based, Oop shift amount: 3

CDS archive(s) mapped at: [0x0000000000000000-0x0000000000000000-0x0000000000000000), size 0, SharedBaseAddress: 0x0000000800000000, ArchiveRelocationMode: 1.
Narrow klass base: 0x0000000000000000, Narrow klass shift: 0, Narrow klass range: 0x0

GC Precious Log:
 CardTable entry size: 512
 Card Set container configuration: InlinePtr #cards 4 size 8 Array Of Cards #cards 16 size 48 Howl #buckets 8 coarsen threshold 3686 Howl Bitmap #cards 512 size 80 coarsen threshold 460 Card regions per heap region 1 cards per card region 4096

Heap:
 garbage-first heap   total 0K, used 0K [0x0000000702400000, 0x0000000800000000)
  region size 2048K, 0 young (0K), 0 survivors (0K)
 Metaspace       used 0K, committed 0K, reserved 0K
  class space    used 0K, committed 0K, reserved 0K

Heap Regions: E=young(eden), S=young(survivor), O=old, HS=humongous(starts), HC=humongous(continues), CS=collection set, F=free, TAMS=top-at-mark-start, PB=parsable bottom

Card table byte_map: [0x00000168fd8e0000,0x00000168fe0d0000] _byte_map_base: 0x00000168fa0ce000

Marking Bits: (CMBitMap*) 0x00000168fcf7f3d0
 Bits: [0x0000016892090000, 0x0000016896000000)

GC Heap History (0 events):
No events

Dll operation events (1 events):
Event: 0.009 Loaded shared library C:\Program Files\Android\Android Studio1\jbr\bin\java.dll

Deoptimization events (0 events):
No events

Classes loaded (0 events):
No events

Classes unloaded (0 events):
No events

Classes redefined (0 events):
No events

Internal exceptions (0 events):
No events

ZGC Phase Switch (0 events):
No events

VM Operations (0 events):
No events

Memory protections (0 events):
No events

Nmethod flushes (0 events):
No events

Events (0 events):
No events


Dynamic libraries:
0x00007ff69d370000 - 0x00007ff69d37a000 	C:\Program Files\Android\Android Studio1\jbr\bin\java.exe
0x00007ffd4a020000 - 0x00007ffd4a288000 	C:\WINDOWS\SYSTEM32\ntdll.dll
0x00007ffd491a0000 - 0x00007ffd49269000 	C:\WINDOWS\System32\KERNEL32.DLL
0x00007ffd47840000 - 0x00007ffd47c32000 	C:\WINDOWS\System32\KERNELBASE.dll
0x00007ffd47650000 - 0x00007ffd4779b000 	C:\WINDOWS\System32\ucrtbase.dll
0x00007ffd29150000 - 0x00007ffd2916b000 	C:\Program Files\Android\Android Studio1\jbr\bin\VCRUNTIME140.dll
0x00007ffd261d0000 - 0x00007ffd261e8000 	C:\Program Files\Android\Android Studio1\jbr\bin\jli.dll
0x00007ffd49ac0000 - 0x00007ffd49c85000 	C:\WINDOWS\System32\USER32.dll
0x00007ffd472d0000 - 0x00007ffd472f7000 	C:\WINDOWS\System32\win32u.dll
0x00007ffd2ab30000 - 0x00007ffd2adc3000 	C:\WINDOWS\WinSxS\amd64_microsoft.windows.common-controls_6595b64144ccf1df_6.0.26100.6899_none_3e0efeeae32e88c1\COMCTL32.dll
0x00007ffd485f0000 - 0x00007ffd4861b000 	C:\WINDOWS\System32\GDI32.dll
0x00007ffd495f0000 - 0x00007ffd49699000 	C:\WINDOWS\System32\msvcrt.dll
0x00007ffd47520000 - 0x00007ffd4764d000 	C:\WINDOWS\System32\gdi32full.dll
0x00007ffd47300000 - 0x00007ffd473a3000 	C:\WINDOWS\System32\msvcp_win.dll
0x00007ffd48750000 - 0x00007ffd4877f000 	C:\WINDOWS\System32\IMM32.DLL
0x00007ffd2e6e0000 - 0x00007ffd2e6ec000 	C:\Program Files\Android\Android Studio1\jbr\bin\vcruntime140_1.dll
0x00007ffd087d0000 - 0x00007ffd0885d000 	C:\Program Files\Android\Android Studio1\jbr\bin\msvcp140.dll
0x00007ffcca8e0000 - 0x00007ffccb56b000 	C:\Program Files\Android\Android Studio1\jbr\bin\server\jvm.dll
0x00007ffd492f0000 - 0x00007ffd493a4000 	C:\WINDOWS\System32\ADVAPI32.dll
0x00007ffd496a0000 - 0x00007ffd49746000 	C:\WINDOWS\System32\sechost.dll
0x00007ffd49c90000 - 0x00007ffd49da8000 	C:\WINDOWS\System32\RPCRT4.dll
0x00007ffd49860000 - 0x00007ffd498d4000 	C:\WINDOWS\System32\WS2_32.dll
0x00007ffd3b280000 - 0x00007ffd3b2b5000 	C:\WINDOWS\SYSTEM32\WINMM.dll
0x00007ffd46f30000 - 0x00007ffd46f8e000 	C:\WINDOWS\SYSTEM32\POWRPROF.dll
0x00007ffd40710000 - 0x00007ffd4071b000 	C:\WINDOWS\SYSTEM32\VERSION.dll
0x00007ffd46e20000 - 0x00007ffd46e34000 	C:\WINDOWS\SYSTEM32\UMPDC.dll
0x00007ffd45f50000 - 0x00007ffd45f6b000 	C:\WINDOWS\SYSTEM32\kernel.appcore.dll
0x00007ffd2d810000 - 0x00007ffd2d81a000 	C:\Program Files\Android\Android Studio1\jbr\bin\jimage.dll
0x00007ffd31ba0000 - 0x00007ffd31de2000 	C:\WINDOWS\SYSTEM32\DBGHELP.DLL
0x00007ffd48270000 - 0x00007ffd485eb000 	C:\WINDOWS\System32\combase.dll
0x00007ffd493b0000 - 0x00007ffd49487000 	C:\WINDOWS\System32\OLEAUT32.dll
0x00007ffd224b0000 - 0x00007ffd224ec000 	C:\WINDOWS\SYSTEM32\dbgcore.DLL
0x00007ffd477a0000 - 0x00007ffd47838000 	C:\WINDOWS\System32\bcryptPrimitives.dll
0x00007ffd23e60000 - 0x00007ffd23e80000 	C:\Program Files\Android\Android Studio1\jbr\bin\java.dll

dbghelp: loaded successfully - version: 4.0.5 - missing functions: none
symbol engine: initialized successfully - sym options: 0x614 - pdb path: .;C:\Program Files\Android\Android Studio1\jbr\bin;C:\WINDOWS\SYSTEM32;C:\WINDOWS\WinSxS\amd64_microsoft.windows.common-controls_6595b64144ccf1df_6.0.26100.6899_none_3e0efeeae32e88c1;C:\Program Files\Android\Android Studio1\jbr\bin\server

VM Arguments:
java_command: git4idea.http.GitAskPassApp Username for 'https://github.com': 
java_class_path (initial): C:/Program Files/Android/Android Studio1/plugins/vcs-git/lib/git4idea-rt.jar;C:/Program Files/Android/Android Studio1/lib/externalProcess-rt.jar
Launcher Type: SUN_STANDARD

[Global flags]
     intx CICompilerCount                          = 3                                         {product} {ergonomic}
     uint ConcGCThreads                            = 2                                         {product} {ergonomic}
     uint G1ConcRefinementThreads                  = 6                                         {product} {ergonomic}
   size_t G1HeapRegionSize                         = 2097152                                   {product} {ergonomic}
    uintx GCDrainStackTargetSize                   = 64                                        {product} {ergonomic}
   size_t InitialHeapSize                          = 266338304                                 {product} {ergonomic}
   size_t MarkStackSize                            = 4194304                                   {product} {ergonomic}
   size_t MaxHeapSize                              = 4257218560                                {product} {ergonomic}
   size_t MinHeapDeltaBytes                        = 2097152                                   {product} {ergonomic}
   size_t MinHeapSize                              = 8388608                                   {product} {ergonomic}
    uintx NonNMethodCodeHeapSize                   = 5832780                                {pd product} {ergonomic}
    uintx NonProfiledCodeHeapSize                  = 122912730                              {pd product} {ergonomic}
    uintx ProfiledCodeHeapSize                     = 122912730                              {pd product} {ergonomic}
    uintx ReservedCodeCacheSize                    = 251658240                              {pd product} {ergonomic}
     bool SegmentedCodeCache                       = true                                      {product} {ergonomic}
   size_t SoftMaxHeapSize                          = 4257218560                             {manageable} {ergonomic}
     bool UseCompressedOops                        = true                           {product lp64_product} {ergonomic}
     bool UseG1GC                                  = true                                      {product} {ergonomic}
     bool UseLargePagesIndividualAllocation        = false                                  {pd product} {ergonomic}

Logging:
Log output configuration:
 #0: stdout all=warning uptime,level,tags foldmultilines=false
 #1: stderr all=off uptime,level,tags foldmultilines=false

Environment Variables:
PATH=C:\Program Files\Git\mingw64\libexec\git-core;C:\Program Files\Git\mingw64\libexec\git-core;C:\Program Files\Git\mingw64\bin;C:\Program Files\Git\usr\bin;C:\Users\Sagiv\bin;C:\windows\system32;C:\windows;C:\windows\System32\Wbem;C:\windows\System32\WindowsPowerShell\v1.0;C:\windows\System32\OpenSSH;C:\Program Files (x86)\NVIDIA Corporation\PhysX\Common;C:\Program Files\NVIDIA Corporation\NVIDIA NvDLISR;C:\WINDOWS\system32;C:\WINDOWS;C:\WINDOWS\System32\Wbem;C:\WINDOWS\System32\WindowsPowerShell\v1.0;C:\WINDOWS\System32\OpenSSH;C:\Program Files (x86)\dotnet;C:\Program Files (x86)\ZeroTier\One;C:\Program Files\dotnet;C:\Program Files\Microsoft SQL Server\150\Tools\Binn;C:\Program Files\Microsoft SQL Server\Client SDK\ODBC\170\Tools\Binn;C:\Program Files\Git\cmd;C:\Users\Sagiv\AppData\Local\Microsoft\WindowsApps;C:\Users\Sagiv\.dotnet\tools
USERNAME=Sagiv
DISPLAY=:0.0
LC_ALL=en_US.UTF-8
TERM=xterm-256color
TMPDIR=C:\Users\Sagiv\AppData\Local\Temp
OS=Windows_NT
PROCESSOR_IDENTIFIER=Intel64 Family 6 Model 158 Stepping 10, GenuineIntel
TMP=C:\Users\Sagiv\AppData\Local\Temp
TEMP=C:\Users\Sagiv\AppData\Local\Temp




Periodic native trim disabled

JNI global refs:
JNI global refs: 0, weak refs: 0

JNI global refs memory usage: 0, weak refs: 0

Process memory usage:
Resident Set Size: 12796K (0% of 16628640K total physical memory with 1125144K free physical memory)

OOME stack traces (most recent first):
Classloader memory used:

---------------  S Y S T E M  ---------------

OS:
 Windows 11 , 64 bit Build 26100 (10.0.26100.6725)
OS uptime: 5 days 17:20 hours

CPU: total 6 (initial active 6) (6 cores per cpu, 1 threads per core) family 6 model 158 stepping 10 microcode 0xde, cx8, cmov, fxsr, mmx, 3dnowpref, sse, sse2, sse3, ssse3, sse4.1, sse4.2, popcnt, lzcnt, tsc, tscinvbit, avx, avx2, aes, erms, clmul, bmi1, bmi2, adx, fma, vzeroupper, clflush, clflushopt, rdtscp, f16c
Processor Information for the first 6 processors :
  Max Mhz: 2904, Current Mhz: 2904, Mhz Limit: 2904

Memory: 4k page, system-wide physical 16238M (1098M free)
TotalPageFile size 23386M (AvailPageFile size 115M)
current process WorkingSet (physical memory assigned to process): 12M, peak: 12M
current process commit charge ("private bytes"): 56M, peak: 310M

vm_info: OpenJDK 64-Bit Server VM (21.0.6+-13368085-b895.109) for windows-amd64 JRE (21.0.6+-13368085-b895.109), built on 2025-04-16T17:01:31Z by "builder" with MS VC++ 16.10 / 16.11 (VS2019)

END.
